<?xml version="1.0" encoding="UTF-8"?>
<!-- Generated by org.testng.reporters.JUnitReportReporter -->
<testsuite hostname="pavann" name="pack3.Class6" tests="2" failures="0" timestamp="28 Aug 2014 06:26:28 GMT" time="0.001" errors="0">
  <testcase name="Test12" time="0.001" classname="pack3.Class6"/>
  <testcase name="Test11" time="0.000" classname="pack3.Class6"/>
</testsuite> <!-- pack3.Class6 -->
