<?xml version="1.0" encoding="UTF-8"?>
<!-- Generated by org.testng.reporters.JUnitReportReporter -->
<testsuite hostname="pavann" name="pack3.Class5" tests="2" failures="0" timestamp="28 Aug 2014 06:26:28 GMT" time="0.000" errors="0">
  <testcase name="Test9" time="0.000" classname="pack3.Class5"/>
  <testcase name="Test10" time="0.000" classname="pack3.Class5"/>
</testsuite> <!-- pack3.Class5 -->
