<?xml version="1.0" encoding="UTF-8"?>
<!-- Generated by org.testng.reporters.JUnitReportReporter -->
<testsuite hostname="pavann" name="pack2.Class4" tests="2" failures="0" timestamp="28 Aug 2014 06:26:28 GMT" time="0.001" errors="0">
  <testcase name="Test5" time="0.000" classname="pack2.Class4"/>
  <testcase name="Test6" time="0.001" classname="pack2.Class4"/>
</testsuite> <!-- pack2.Class4 -->
