<?xml version="1.0" encoding="UTF-8"?>
<!-- Generated by org.testng.reporters.JUnitReportReporter -->
<testsuite hostname="pavann" name="pack1.Class1" tests="2" failures="0" timestamp="28 Aug 2014 06:26:28 GMT" time="0.007" errors="0">
  <testcase name="Test2" time="0.000" classname="pack1.Class1"/>
  <testcase name="Test1" time="0.007" classname="pack1.Class1"/>
</testsuite> <!-- pack1.Class1 -->
